#
# There is insufficient memory for the Java Runtime Environment to continue.
# Native memory allocation (malloc) failed to allocate 1048576 bytes for AllocateHeap
# Possible reasons:
#   The system is out of physical RAM or swap space
#   The process is running with CompressedOops enabled, and the Java Heap may be blocking the growth of the native heap
# Possible solutions:
#   Reduce memory load on the system
#   Increase physical memory or swap space
#   Check if swap backing store is full
#   Decrease Java heap size (-Xmx/-Xms)
#   Decrease number of Java threads
#   Decrease Java thread stack sizes (-Xss)
#   Set larger code cache with -XX:ReservedCodeCacheSize=
#   JVM is running with Unscaled Compressed Oops mode in which the Java heap is
#     placed in the first 4GB address space. The Java Heap base address is the
#     maximum limit for the native heap growth. Please use -XX:HeapBaseMinAddress
#     to set the Java Heap base and to place the Java Heap above 4GB virtual address.
# This output file may be truncated or incomplete.
#
#  Out of Memory Error (memory/allocation.inline.hpp:61), pid=3540, tid=0x00000000000046c0
#
# JRE version:  (8.0_261-b12) (build )
# Java VM: Java HotSpot(TM) 64-Bit Server VM (25.261-b12 mixed mode windows-amd64 compressed oops)
# Failed to write core dump. Minidumps are not enabled by default on client versions of Windows
#

---------------  T H R E A D  ---------------

Current thread (0x000002bddb3b8000):  JavaThread "Unknown thread" [_thread_in_vm, id=18112, stack(0x000000c729900000,0x000000c729a00000)]

Stack: [0x000000c729900000,0x000000c729a00000]
Native frames: (J=compiled Java code, j=interpreted, Vv=VM code, C=native code)
V  [jvm.dll+0x33e5f9]
V  [jvm.dll+0x2850e2]
V  [jvm.dll+0x285d8d]
V  [jvm.dll+0x27c895]
V  [jvm.dll+0x1565d]
V  [jvm.dll+0x3d9117]
V  [jvm.dll+0x3d5557]
V  [jvm.dll+0x10c61f]
V  [jvm.dll+0x21a00b]
V  [jvm.dll+0x248687]
V  [jvm.dll+0x172116]
C  [javaw.exe+0x2322]
C  [javaw.exe+0x16564]
C  [KERNEL32.DLL+0x17034]
C  [ntdll.dll+0x4d0d1]


---------------  P R O C E S S  ---------------

Java Threads: ( => current thread )

Other Threads:

=>0x000002bddb3b8000 (exited) JavaThread "Unknown thread" [_thread_in_vm, id=18112, stack(0x000000c729900000,0x000000c729a00000)]

VM state:not at safepoint (normal execution)

VM Mutex/Monitor currently owned by a thread: None

heap address: 0x00000000ff000000, size: 16 MB, Compressed Oops mode: 32-bit
Narrow klass base: 0x0000000000000000, Narrow klass shift: 3
Compressed class space size: 1073741824 Address: 0x0000000100000000

Heap:
 PSYoungGen      total 4608K, used 81K [0x00000000ffb00000, 0x0000000100000000, 0x0000000100000000)
  eden space 4096K, 2% used [0x00000000ffb00000,0x00000000ffb147b8,0x00000000fff00000)
  from space 512K, 0% used [0x00000000fff80000,0x00000000fff80000,0x0000000100000000)
  to   space 512K, 0% used [0x00000000fff00000,0x00000000fff00000,0x00000000fff80000)
 ParOldGen       total 11264K, used 0K [0x00000000ff000000, 0x00000000ffb00000, 0x00000000ffb00000)
  object space 11264K, 0% used [0x00000000ff000000,0x00000000ff000000,0x00000000ffb00000)
 Metaspace       used 776K, capacity 4480K, committed 4480K, reserved 1056768K
  class space    used 76K, capacity 384K, committed 384K, reserved 1048576K

Card table byte_map: [0x000002bdec0c0000,0x000002bdec0d0000] byte_map_base: 0x000002bdeb8c8000

Marking Bits: (ParMarkBitMap*) 0x0000000061a64fb0
 Begin Bits: [0x000002bdec0e0000, 0x000002bdec120000)
 End Bits:   [0x000002bdec120000, 0x000002bdec160000)

Polling page: 0x000002bddccd0000

CodeCache: size=245760Kb used=328Kb max_used=328Kb free=245431Kb
 bounds [0x000002bddcd00000, 0x000002bddcf70000, 0x000002bdebd00000]
 total_blobs=58 nmethods=0 adapters=38
 compilation: enabled

Compilation events (0 events):
No events

GC Heap History (0 events):
No events

Deoptimization events (0 events):
No events

Classes redefined (0 events):
No events

Internal exceptions (0 events):
No events

Events (10 events):
Event: 0.118 loading class java/lang/Short
Event: 0.118 loading class java/lang/Short done
Event: 0.118 loading class java/lang/Integer
Event: 0.119 loading class java/lang/Integer done
Event: 0.119 loading class java/lang/Long
Event: 0.119 loading class java/lang/Long done
Event: 0.121 loading class java/lang/NullPointerException
Event: 0.122 loading class java/lang/NullPointerException done
Event: 0.122 loading class java/lang/ArithmeticException
Event: 0.122 loading class java/lang/ArithmeticException done


Dynamic libraries:
0x00007ff6fd900000 - 0x00007ff6fd947000 	C:\Program Files\Java\jdk1.8.0_261\bin\javaw.exe
0x00007ffd18170000 - 0x00007ffd18366000 	C:\Windows\SYSTEM32\ntdll.dll
0x00007ffd16750000 - 0x00007ffd1680d000 	C:\Windows\System32\KERNEL32.DLL
0x00007ffd15ad0000 - 0x00007ffd15d99000 	C:\Windows\System32\KERNELBASE.dll
0x00007ffd17860000 - 0x00007ffd1790c000 	C:\Windows\System32\ADVAPI32.dll
0x00007ffd17940000 - 0x00007ffd179de000 	C:\Windows\System32\msvcrt.dll
0x00007ffd16930000 - 0x00007ffd169cc000 	C:\Windows\System32\sechost.dll
0x00007ffd165c0000 - 0x00007ffd166eb000 	C:\Windows\System32\RPCRT4.dll
0x00007ffd17210000 - 0x00007ffd173b0000 	C:\Windows\System32\USER32.dll
0x00007ffd15f10000 - 0x00007ffd15f32000 	C:\Windows\System32\win32u.dll
0x00007ffd17910000 - 0x00007ffd1793a000 	C:\Windows\System32\GDI32.dll
0x00007ffd15e00000 - 0x00007ffd15f0b000 	C:\Windows\System32\gdi32full.dll
0x00007ffd159e0000 - 0x00007ffd15a7d000 	C:\Windows\System32\msvcp_win.dll
0x00007ffd15f70000 - 0x00007ffd16070000 	C:\Windows\System32\ucrtbase.dll
0x00007ffcf7640000 - 0x00007ffcf78db000 	C:\Windows\WinSxS\amd64_microsoft.windows.common-controls_6595b64144ccf1df_6.0.19041.746_none_ca02b4b61b8320a4\COMCTL32.dll
0x00007ffd164b0000 - 0x00007ffd164e0000 	C:\Windows\System32\IMM32.DLL
0x00007ffcf9ca0000 - 0x00007ffcf9cb5000 	C:\Program Files\Java\jdk1.8.0_261\jre\bin\vcruntime140.dll
0x00007ffce63e0000 - 0x00007ffce647b000 	C:\Program Files\Java\jdk1.8.0_261\jre\bin\msvcp140.dll
0x0000000061270000 - 0x0000000061adc000 	C:\Program Files\Java\jdk1.8.0_261\jre\bin\server\jvm.dll
0x00007ffd164e0000 - 0x00007ffd164e8000 	C:\Windows\System32\PSAPI.DLL
0x00007ffd0eab0000 - 0x00007ffd0eaba000 	C:\Windows\SYSTEM32\VERSION.dll
0x00007ffd03830000 - 0x00007ffd03857000 	C:\Windows\SYSTEM32\WINMM.dll
0x00007ffcfbf50000 - 0x00007ffcfbf59000 	C:\Windows\SYSTEM32\WSOCK32.dll
0x00007ffd16b80000 - 0x00007ffd16beb000 	C:\Windows\System32\WS2_32.dll
0x00007ffd14190000 - 0x00007ffd141a2000 	C:\Windows\SYSTEM32\kernel.appcore.dll
0x00007ffd0c220000 - 0x00007ffd0c230000 	C:\Program Files\Java\jdk1.8.0_261\jre\bin\verify.dll
0x00007ffcf9c70000 - 0x00007ffcf9c9b000 	C:\Program Files\Java\jdk1.8.0_261\jre\bin\java.dll
0x00007ffcf9c50000 - 0x00007ffcf9c68000 	C:\Program Files\Java\jdk1.8.0_261\jre\bin\zip.dll
0x00007ffcfa3b0000 - 0x00007ffcfa594000 	C:\Windows\SYSTEM32\dbghelp.dll
0x00007ffd15960000 - 0x00007ffd159e0000 	C:\Windows\System32\bcryptPrimitives.dll

VM Arguments:
jvm_args: -Xmx16m 
java_command: org.eclipse.jdt.internal.launching.support.LibraryDetector
java_class_path (initial): C:\Users\Firef\AppData\Roaming\Code\User\globalStorage\redhat.java\0.74.0\config_ss_win\org.eclipse.osgi\35\0\.cp\lib\launchingsupport.jar
Launcher Type: SUN_STANDARD

Environment Variables:
JAVA_HOME=C:\Program Files\Java\jdk-11.0.8
PATH=C:\php;C:\Python38\Scripts\;C:\Python38\;C:\Program Files (x86)\Common Files\Oracle\Java\javapath;C:\Program Files\Common Files\Oracle\Java\javapath;C:\Program Files (x86)\Intel\Intel(R) Management Engine Components\iCLS\;C:\Program Files\Intel\Intel(R) Management Engine Components\iCLS\;C:\Windows\system32;C:\Windows;C:\Windows\System32\Wbem;C:\Windows\System32\WindowsPowerShell\v1.0\;C:\Windows\System32\OpenSSH\;C:\Program Files (x86)\Intel\Intel(R) Management Engine Components\DAL;C:\Program Files\Intel\Intel(R) Management Engine Components\DAL;C:\Program Files (x86)\Intel\Intel(R) Management Engine Components\IPT;C:\Program Files\Intel\Intel(R) Management Engine Components\IPT;C:\Program Files\Intel\WiFi\bin\;C:\Program Files\Common Files\Intel\WirelessCommon\;C:\Program Files (x86)\AutoFirma\AutoFirma;C:\Program Files\node;C:\ProgramData\chocolatey\bin;C:\Program Files (x86)\dotnet\;C:\Program Files\dotnet\;C:\Program Files\JetBrains\IntelliJ IDEA 2020.2.2\plugins\Kotlin\kotlinc\bin;C:\Program Files\Java\jdk-15\bin;C:\Program Files (x86)\NVIDIA Corporation\PhysX\Common;C:\Program Files\NVIDIA Corporation\NVIDIA NvDLISR;C:\Program Files\Git\cmd;C:\Program Files\nodejs\;C:\php;C:\Users\Firef\AppData\Local\Microsoft\WindowsApps;C:\Program Files\Intel\WiFi\bin\;C:\Program Files\Common Files\Intel\WirelessCommon\;C:\Users\Firef\AppData\Local\Programs\Microsoft VS Code\bin;C:\Program Files\JetBrains\IntelliJ IDEA 2020.2.2\bin;C:\Users\Firef\AppData\Local\Yarn\bin;C:\Users\Firef\.dotnet\tools;C:\Program Files\dotnet;C:\Program Files (x86)\dotnet\;C:\Program Files\JetBrains\IntelliJ IDEA 2020.2.2\plugins\Kotlin\kotlinc\bin;C:\Users\Firef\AppData\Roaming\npm
USERNAME=Firef
OS=Windows_NT
PROCESSOR_IDENTIFIER=Intel64 Family 6 Model 158 Stepping 10, GenuineIntel



---------------  S Y S T E M  ---------------

OS: Windows 10.0 , 64 bit Build 19041 (10.0.19041.662)

CPU:total 12 (initial active 12) (6 cores per cpu, 2 threads per core) family 6 model 158 stepping 10, cmov, cx8, fxsr, mmx, sse, sse2, sse3, ssse3, sse4.1, sse4.2, popcnt, avx, avx2, aes, clmul, erms, 3dnowpref, lzcnt, ht, tsc, tscinvbit, bmi1, bmi2, adx

Memory: 4k page, physical 16620112k(3202432k free), swap 16620112k(3312k free)

vm_info: Java HotSpot(TM) 64-Bit Server VM (25.261-b12) for windows-amd64 JRE (1.8.0_261-b12), built on Jun 18 2020 06:56:32 by "" with unknown MS VC++:1916

time: Wed Jan 27 03:03:51 2021
timezone: Hora estándar romance
elapsed time: 0 seconds (0d 0h 0m 0s)

